Port 9000 is in use on a wildcard address, but localhost:9000 is available. There may be another server running on a wildcard IP on port 9000.

  VITE v8.0.14  ready in 290 ms

  ➜  Local:   http://localhost:9000/
7:34:17 PM [vite] (client) hmr update /src/pages/VDemChoroplethMap.jsx, /src/pages/VDemStreamGraph.jsx
7:34:17 PM [vite] (client) hmr update /src/pages/VDemChoroplethMap.jsx, /src/pages/VDemStreamGraph.jsx
7:34:43 PM [vite] (client) hmr update /src/pages/VDemChoroplethMap.jsx, /src/pages/VDemStreamGraph.jsx
7:34:43 PM [vite] (client) hmr update /src/pages/VDemChoroplethMap.jsx, /src/pages/VDemStreamGraph.jsx
8:06:13 PM [vite] (client) hmr update /src/pages/VDemChoroplethMap.jsx, /src/pages/VDemStreamGraph.jsx
8:06:28 PM [vite] (client) hmr update /src/pages/VDemStreamGraph.jsx
8:08:17 PM [vite] (client) hmr update /src/pages/VDemChoroplethMap.jsx
8:08:33 PM [vite] (client) hmr update /src/pages/VDemChoroplethMap.jsx
8:08:47 PM [vite] (client) hmr update /src/pages/VDemChoroplethMap.jsx, /src/pages/VDemStreamGraph.jsx
8:08:47 PM [vite] (client) hmr update /src/pages/VDemChoroplethMap.jsx, /src/pages/VDemStreamGraph.jsx
8:09:11 PM [vite] (client) hmr update /src/pages/WMOExtremeEvents.jsx
8:50:13 PM [vite] (client) hmr update /src/App.jsx
8:50:19 PM [vite] (client) hmr update /src/App.jsx
8:50:32 PM [vite] (client) hmr update /src/pages/Dashboard.jsx
8:53:27 PM [vite] (client) hmr update /src/App.jsx
8:53:27 PM [vite] (client) hmr update /src/App.jsx
8:53:34 PM [vite] (client) hmr update /src/App.jsx
8:53:34 PM [vite] (client) hmr update /src/App.jsx
8:53:46 PM [vite] (client) hmr update /src/pages/Dashboard.jsx
9:00:30 PM [vite] (client) hmr update /src/App.jsx
9:00:37 PM [vite] (client) hmr update /src/App.jsx
9:00:53 PM [vite] (client) hmr update /src/pages/Dashboard.jsx
9:16:54 PM [vite] (client) hmr update /src/pages/Dashboard.jsx
